<?xml version="1.0" encoding="UTF-8"?>
<!-- Generated by org.testng.reporters.JUnitXMLReporter -->
<testsuite hostname="ToDuyen" ignored="0" name="Test" tests="3" failures="0" timestamp="2021-06-02T22:15:50 ICT" time="56.059" errors="0">
  <testcase name="testDangNhap" time="12.737" classname="suit.autoTestDangNhap"/>
  <testcase name="testDangKi" time="14.082" classname="suit.autoTestDangKi"/>
  <testcase name="testMuaHang" time="6.186" classname="suit.autoTestMuaHang"/>
</testsuite> <!-- Test -->
