<?xml version="1.0" encoding="UTF-8"?>
<testng-results skipped="0" failed="0" ignored="0" total="1" passed="1">
  <reporter-output>
  </reporter-output>
  <suite name="Suite" duration-ms="7600" started-at="2021-05-22T09:07:42 ICT" finished-at="2021-05-22T09:07:50 ICT">
    <groups>
    </groups>
    <test name="Test" duration-ms="7600" started-at="2021-05-22T09:07:42 ICT" finished-at="2021-05-22T09:07:50 ICT">
      <class name="test.selenium.tichhop.dangnhap">
        <test-method status="PASS" signature="launchBrowser()[pri:0, instance:test.selenium.tichhop.dangnhap@4566e5bd]" name="launchBrowser" duration-ms="7569" started-at="2021-05-22T09:07:42 ICT" finished-at="2021-05-22T09:07:50 ICT">
          <reporter-output>
          </reporter-output>
        </test-method> <!-- launchBrowser -->
      </class> <!-- test.selenium.tichhop.dangnhap -->
    </test> <!-- Test -->
  </suite> <!-- Suite -->
</testng-results>
