<?xml version="1.0" encoding="UTF-8"?>
<testng-results skipped="0" failed="0" ignored="0" total="1" passed="1">
  <reporter-output>
  </reporter-output>
  <suite name="Default suite" duration-ms="15157" started-at="2021-06-13T10:36:31 ICT" finished-at="2021-06-13T10:36:46 ICT">
    <groups>
    </groups>
    <test name="Default test" duration-ms="15157" started-at="2021-06-13T10:36:31 ICT" finished-at="2021-06-13T10:36:46 ICT">
      <class name="tests.autoTestMuaHang">
        <test-method status="PASS" signature="setUp()[pri:0, instance:tests.autoTestMuaHang@7b69c6ba]" name="setUp" is-config="true" duration-ms="7472" started-at="2021-06-13T10:36:31 ICT" finished-at="2021-06-13T10:36:38 ICT">
          <reporter-output>
          </reporter-output>
        </test-method> <!-- setUp -->
        <test-method status="PASS" signature="testMuaHang()[pri:0, instance:tests.autoTestMuaHang@7b69c6ba]" name="testMuaHang" duration-ms="6968" started-at="2021-06-13T10:36:38 ICT" finished-at="2021-06-13T10:36:45 ICT">
          <reporter-output>
          </reporter-output>
        </test-method> <!-- testMuaHang -->
        <test-method status="PASS" signature="tearDown()[pri:0, instance:tests.autoTestMuaHang@7b69c6ba]" name="tearDown" is-config="true" duration-ms="673" started-at="2021-06-13T10:36:45 ICT" finished-at="2021-06-13T10:36:46 ICT">
          <reporter-output>
          </reporter-output>
        </test-method> <!-- tearDown -->
      </class> <!-- tests.autoTestMuaHang -->
    </test> <!-- Default test -->
  </suite> <!-- Default suite -->
</testng-results>
